<?xml version="1.0" encoding="UTF-8"?>
<testsuite xmlns:xsi="http://www.w3.org/2001/XMLSchema-instance" xsi:noNamespaceSchemaLocation="https://maven.apache.org/surefire/maven-surefire-plugin/xsd/surefire-test-report.xsd" name="TestSuite" time="30.168" tests="5" errors="0" skipped="0" failures="3">
  <properties>
    <property name="sun.desktop" value="windows"/>
    <property name="awt.toolkit" value="sun.awt.windows.WToolkit"/>
    <property name="file.encoding.pkg" value="sun.io"/>
    <property name="java.specification.version" value="1.8"/>
    <property name="sun.cpu.isalist" value="amd64"/>
    <property name="sun.jnu.encoding" value="Cp1252"/>
    <property name="java.class.path" value="D:\Core_Java\CAR_BOOKING_RestAssured\target\test-classes;D:\Core_Java\CAR_BOOKING_RestAssured\target\classes;C:\Users\PbBhosale\.m2\repository\io\rest-assured\rest-assured\4.3.0\rest-assured-4.3.0.jar;C:\Users\PbBhosale\.m2\repository\org\codehaus\groovy\groovy\3.0.2\groovy-3.0.2.jar;C:\Users\PbBhosale\.m2\repository\org\codehaus\groovy\groovy-xml\3.0.2\groovy-xml-3.0.2.jar;C:\Users\PbBhosale\.m2\repository\org\apache\httpcomponents\httpclient\4.5.3\httpclient-4.5.3.jar;C:\Users\PbBhosale\.m2\repository\org\apache\httpcomponents\httpcore\4.4.6\httpcore-4.4.6.jar;C:\Users\PbBhosale\.m2\repository\commons-logging\commons-logging\1.2\commons-logging-1.2.jar;C:\Users\PbBhosale\.m2\repository\org\apache\httpcomponents\httpmime\4.5.3\httpmime-4.5.3.jar;C:\Users\PbBhosale\.m2\repository\org\hamcrest\hamcrest\2.1\hamcrest-2.1.jar;C:\Users\PbBhosale\.m2\repository\org\ccil\cowan\tagsoup\tagsoup\1.2.1\tagsoup-1.2.1.jar;C:\Users\PbBhosale\.m2\repository\org\testng\testng\7.1.0\testng-7.1.0.jar;C:\Users\PbBhosale\.m2\repository\com\beust\jcommander\1.72\jcommander-1.72.jar;C:\Users\PbBhosale\.m2\repository\com\google\inject\guice\4.1.0\guice-4.1.0-no_aop.jar;C:\Users\PbBhosale\.m2\repository\javax\inject\javax.inject\1\javax.inject-1.jar;C:\Users\PbBhosale\.m2\repository\aopalliance\aopalliance\1.0\aopalliance-1.0.jar;C:\Users\PbBhosale\.m2\repository\com\google\guava\guava\19.0\guava-19.0.jar;C:\Users\PbBhosale\.m2\repository\org\yaml\snakeyaml\1.21\snakeyaml-1.21.jar;C:\Users\PbBhosale\.m2\repository\io\rest-assured\json-path\4.3.0\json-path-4.3.0.jar;C:\Users\PbBhosale\.m2\repository\org\codehaus\groovy\groovy-json\3.0.2\groovy-json-3.0.2.jar;C:\Users\PbBhosale\.m2\repository\io\rest-assured\rest-assured-common\4.3.0\rest-assured-common-4.3.0.jar;C:\Users\PbBhosale\.m2\repository\io\rest-assured\xml-path\4.3.0\xml-path-4.3.0.jar;C:\Users\PbBhosale\.m2\repository\org\apache\commons\commons-lang3\3.4\commons-lang3-3.4.jar;C:\Users\PbBhosale\.m2\repository\jakarta\xml\bind\jakarta.xml.bind-api\2.3.2\jakarta.xml.bind-api-2.3.2.jar;C:\Users\PbBhosale\.m2\repository\jakarta\activation\jakarta.activation-api\1.2.1\jakarta.activation-api-1.2.1.jar;C:\Users\PbBhosale\.m2\repository\com\sun\xml\bind\jaxb-osgi\2.3.0.1\jaxb-osgi-2.3.0.1.jar;C:\Users\PbBhosale\.m2\repository\org\apache\sling\org.apache.sling.javax.activation\0.1.0\org.apache.sling.javax.activation-0.1.0.jar;C:\Users\PbBhosale\.m2\repository\javax\activation\activation\1.1.1\activation-1.1.1.jar;C:\Users\PbBhosale\.m2\repository\io\rest-assured\json-schema-validator\4.3.0\json-schema-validator-4.3.0.jar;C:\Users\PbBhosale\.m2\repository\com\github\java-json-tools\json-schema-validator\2.2.10\json-schema-validator-2.2.10.jar;C:\Users\PbBhosale\.m2\repository\com\github\java-json-tools\json-schema-core\1.2.10\json-schema-core-1.2.10.jar;C:\Users\PbBhosale\.m2\repository\com\github\java-json-tools\jackson-coreutils\1.9\jackson-coreutils-1.9.jar;C:\Users\PbBhosale\.m2\repository\com\fasterxml\jackson\core\jackson-databind\2.2.3\jackson-databind-2.2.3.jar;C:\Users\PbBhosale\.m2\repository\com\fasterxml\jackson\core\jackson-annotations\2.2.3\jackson-annotations-2.2.3.jar;C:\Users\PbBhosale\.m2\repository\com\fasterxml\jackson\core\jackson-core\2.2.3\jackson-core-2.2.3.jar;C:\Users\PbBhosale\.m2\repository\com\github\fge\msg-simple\1.1\msg-simple-1.1.jar;C:\Users\PbBhosale\.m2\repository\com\github\fge\btf\1.2\btf-1.2.jar;C:\Users\PbBhosale\.m2\repository\com\github\fge\uri-template\0.9\uri-template-0.9.jar;C:\Users\PbBhosale\.m2\repository\org\mozilla\rhino\1.7.7.1\rhino-1.7.7.1.jar;C:\Users\PbBhosale\.m2\repository\javax\mail\mailapi\1.4.3\mailapi-1.4.3.jar;C:\Users\PbBhosale\.m2\repository\joda-time\joda-time\2.9.7\joda-time-2.9.7.jar;C:\Users\PbBhosale\.m2\repository\com\googlecode\libphonenumber\libphonenumber\8.0.0\libphonenumber-8.0.0.jar;C:\Users\PbBhosale\.m2\repository\com\google\code\findbugs\jsr305\3.0.1\jsr305-3.0.1.jar;C:\Users\PbBhosale\.m2\repository\net\sf\jopt-simple\jopt-simple\5.0.3\jopt-simple-5.0.3.jar;C:\Users\PbBhosale\.m2\repository\com\googlecode\json-simple\json-simple\1.1.1\json-simple-1.1.1.jar;C:\Users\PbBhosale\.m2\repository\junit\junit\4.10\junit-4.10.jar;C:\Users\PbBhosale\.m2\repository\org\hamcrest\hamcrest-core\1.1\hamcrest-core-1.1.jar;C:\Users\PbBhosale\.m2\repository\com\github\scribejava\scribejava-apis\2.5.3\scribejava-apis-2.5.3.jar;C:\Users\PbBhosale\.m2\repository\com\github\scribejava\scribejava-core\2.5.3\scribejava-core-2.5.3.jar;C:\Users\PbBhosale\.m2\repository\com\relevantcodes\extentreports\2.41.2\extentreports-2.41.2.jar;C:\Users\PbBhosale\.m2\repository\org\jsoup\jsoup\1.8.3\jsoup-1.8.3.jar;C:\Users\PbBhosale\.m2\repository\org\xerial\sqlite-jdbc\3.8.11.1\sqlite-jdbc-3.8.11.1.jar;C:\Users\PbBhosale\.m2\repository\org\freemarker\freemarker\2.3.23\freemarker-2.3.23.jar;C:\Users\PbBhosale\.m2\repository\org\mongodb\mongodb-driver\3.0.4\mongodb-driver-3.0.4.jar;C:\Users\PbBhosale\.m2\repository\org\mongodb\bson\3.0.4\bson-3.0.4.jar;C:\Users\PbBhosale\.m2\repository\org\mongodb\mongodb-driver-core\3.0.4\mongodb-driver-core-3.0.4.jar;C:\Users\PbBhosale\.m2\repository\com\aventstack\extentreports\3.1.5\extentreports-3.1.5.jar;C:\Users\PbBhosale\.m2\repository\com\google\code\gson\gson\2.8.0\gson-2.8.0.jar;C:\Users\PbBhosale\.m2\repository\org\apache\poi\poi\4.1.1\poi-4.1.1.jar;C:\Users\PbBhosale\.m2\repository\commons-codec\commons-codec\1.13\commons-codec-1.13.jar;C:\Users\PbBhosale\.m2\repository\org\apache\commons\commons-collections4\4.4\commons-collections4-4.4.jar;C:\Users\PbBhosale\.m2\repository\org\apache\commons\commons-math3\3.6.1\commons-math3-3.6.1.jar;C:\Users\PbBhosale\.m2\repository\org\apache\poi\poi-ooxml\4.1.1\poi-ooxml-4.1.1.jar;C:\Users\PbBhosale\.m2\repository\org\apache\poi\poi-ooxml-schemas\4.1.1\poi-ooxml-schemas-4.1.1.jar;C:\Users\PbBhosale\.m2\repository\org\apache\xmlbeans\xmlbeans\3.1.0\xmlbeans-3.1.0.jar;C:\Users\PbBhosale\.m2\repository\org\apache\commons\commons-compress\1.19\commons-compress-1.19.jar;C:\Users\PbBhosale\.m2\repository\com\github\virtuald\curvesapi\1.06\curvesapi-1.06.jar;C:\Users\PbBhosale\.m2\repository\log4j\log4j\1.2.17\log4j-1.2.17.jar;"/>
    <property name="java.vm.vendor" value="Oracle Corporation"/>
    <property name="sun.arch.data.model" value="64"/>
    <property name="user.variant" value=""/>
    <property name="java.vendor.url" value="http://java.oracle.com/"/>
    <property name="user.timezone" value="Asia/Calcutta"/>
    <property name="java.vm.specification.version" value="1.8"/>
    <property name="os.name" value="Windows 10"/>
    <property name="user.country" value="US"/>
    <property name="sun.java.launcher" value="SUN_STANDARD"/>
    <property name="sun.boot.library.path" value="C:\Program Files\Java\jre1.8.0_251\bin"/>
    <property name="sun.java.command" value="C:\Users\PBBHOS~1\AppData\Local\Temp\surefire8146127327515347312\surefirebooter2548958029033505916.jar C:\Users\PbBhosale\AppData\Local\Temp\surefire8146127327515347312 2020-05-19T18-09-47_241-jvmRun1 surefire7404421211042607591tmp surefire_08547542998415306474tmp"/>
    <property name="surefire.test.class.path" value="D:\Core_Java\CAR_BOOKING_RestAssured\target\test-classes;D:\Core_Java\CAR_BOOKING_RestAssured\target\classes;C:\Users\PbBhosale\.m2\repository\io\rest-assured\rest-assured\4.3.0\rest-assured-4.3.0.jar;C:\Users\PbBhosale\.m2\repository\org\codehaus\groovy\groovy\3.0.2\groovy-3.0.2.jar;C:\Users\PbBhosale\.m2\repository\org\codehaus\groovy\groovy-xml\3.0.2\groovy-xml-3.0.2.jar;C:\Users\PbBhosale\.m2\repository\org\apache\httpcomponents\httpclient\4.5.3\httpclient-4.5.3.jar;C:\Users\PbBhosale\.m2\repository\org\apache\httpcomponents\httpcore\4.4.6\httpcore-4.4.6.jar;C:\Users\PbBhosale\.m2\repository\commons-logging\commons-logging\1.2\commons-logging-1.2.jar;C:\Users\PbBhosale\.m2\repository\org\apache\httpcomponents\httpmime\4.5.3\httpmime-4.5.3.jar;C:\Users\PbBhosale\.m2\repository\org\hamcrest\hamcrest\2.1\hamcrest-2.1.jar;C:\Users\PbBhosale\.m2\repository\org\ccil\cowan\tagsoup\tagsoup\1.2.1\tagsoup-1.2.1.jar;C:\Users\PbBhosale\.m2\repository\org\testng\testng\7.1.0\testng-7.1.0.jar;C:\Users\PbBhosale\.m2\repository\com\beust\jcommander\1.72\jcommander-1.72.jar;C:\Users\PbBhosale\.m2\repository\com\google\inject\guice\4.1.0\guice-4.1.0-no_aop.jar;C:\Users\PbBhosale\.m2\repository\javax\inject\javax.inject\1\javax.inject-1.jar;C:\Users\PbBhosale\.m2\repository\aopalliance\aopalliance\1.0\aopalliance-1.0.jar;C:\Users\PbBhosale\.m2\repository\com\google\guava\guava\19.0\guava-19.0.jar;C:\Users\PbBhosale\.m2\repository\org\yaml\snakeyaml\1.21\snakeyaml-1.21.jar;C:\Users\PbBhosale\.m2\repository\io\rest-assured\json-path\4.3.0\json-path-4.3.0.jar;C:\Users\PbBhosale\.m2\repository\org\codehaus\groovy\groovy-json\3.0.2\groovy-json-3.0.2.jar;C:\Users\PbBhosale\.m2\repository\io\rest-assured\rest-assured-common\4.3.0\rest-assured-common-4.3.0.jar;C:\Users\PbBhosale\.m2\repository\io\rest-assured\xml-path\4.3.0\xml-path-4.3.0.jar;C:\Users\PbBhosale\.m2\repository\org\apache\commons\commons-lang3\3.4\commons-lang3-3.4.jar;C:\Users\PbBhosale\.m2\repository\jakarta\xml\bind\jakarta.xml.bind-api\2.3.2\jakarta.xml.bind-api-2.3.2.jar;C:\Users\PbBhosale\.m2\repository\jakarta\activation\jakarta.activation-api\1.2.1\jakarta.activation-api-1.2.1.jar;C:\Users\PbBhosale\.m2\repository\com\sun\xml\bind\jaxb-osgi\2.3.0.1\jaxb-osgi-2.3.0.1.jar;C:\Users\PbBhosale\.m2\repository\org\apache\sling\org.apache.sling.javax.activation\0.1.0\org.apache.sling.javax.activation-0.1.0.jar;C:\Users\PbBhosale\.m2\repository\javax\activation\activation\1.1.1\activation-1.1.1.jar;C:\Users\PbBhosale\.m2\repository\io\rest-assured\json-schema-validator\4.3.0\json-schema-validator-4.3.0.jar;C:\Users\PbBhosale\.m2\repository\com\github\java-json-tools\json-schema-validator\2.2.10\json-schema-validator-2.2.10.jar;C:\Users\PbBhosale\.m2\repository\com\github\java-json-tools\json-schema-core\1.2.10\json-schema-core-1.2.10.jar;C:\Users\PbBhosale\.m2\repository\com\github\java-json-tools\jackson-coreutils\1.9\jackson-coreutils-1.9.jar;C:\Users\PbBhosale\.m2\repository\com\fasterxml\jackson\core\jackson-databind\2.2.3\jackson-databind-2.2.3.jar;C:\Users\PbBhosale\.m2\repository\com\fasterxml\jackson\core\jackson-annotations\2.2.3\jackson-annotations-2.2.3.jar;C:\Users\PbBhosale\.m2\repository\com\fasterxml\jackson\core\jackson-core\2.2.3\jackson-core-2.2.3.jar;C:\Users\PbBhosale\.m2\repository\com\github\fge\msg-simple\1.1\msg-simple-1.1.jar;C:\Users\PbBhosale\.m2\repository\com\github\fge\btf\1.2\btf-1.2.jar;C:\Users\PbBhosale\.m2\repository\com\github\fge\uri-template\0.9\uri-template-0.9.jar;C:\Users\PbBhosale\.m2\repository\org\mozilla\rhino\1.7.7.1\rhino-1.7.7.1.jar;C:\Users\PbBhosale\.m2\repository\javax\mail\mailapi\1.4.3\mailapi-1.4.3.jar;C:\Users\PbBhosale\.m2\repository\joda-time\joda-time\2.9.7\joda-time-2.9.7.jar;C:\Users\PbBhosale\.m2\repository\com\googlecode\libphonenumber\libphonenumber\8.0.0\libphonenumber-8.0.0.jar;C:\Users\PbBhosale\.m2\repository\com\google\code\findbugs\jsr305\3.0.1\jsr305-3.0.1.jar;C:\Users\PbBhosale\.m2\repository\net\sf\jopt-simple\jopt-simple\5.0.3\jopt-simple-5.0.3.jar;C:\Users\PbBhosale\.m2\repository\com\googlecode\json-simple\json-simple\1.1.1\json-simple-1.1.1.jar;C:\Users\PbBhosale\.m2\repository\junit\junit\4.10\junit-4.10.jar;C:\Users\PbBhosale\.m2\repository\org\hamcrest\hamcrest-core\1.1\hamcrest-core-1.1.jar;C:\Users\PbBhosale\.m2\repository\com\github\scribejava\scribejava-apis\2.5.3\scribejava-apis-2.5.3.jar;C:\Users\PbBhosale\.m2\repository\com\github\scribejava\scribejava-core\2.5.3\scribejava-core-2.5.3.jar;C:\Users\PbBhosale\.m2\repository\com\relevantcodes\extentreports\2.41.2\extentreports-2.41.2.jar;C:\Users\PbBhosale\.m2\repository\org\jsoup\jsoup\1.8.3\jsoup-1.8.3.jar;C:\Users\PbBhosale\.m2\repository\org\xerial\sqlite-jdbc\3.8.11.1\sqlite-jdbc-3.8.11.1.jar;C:\Users\PbBhosale\.m2\repository\org\freemarker\freemarker\2.3.23\freemarker-2.3.23.jar;C:\Users\PbBhosale\.m2\repository\org\mongodb\mongodb-driver\3.0.4\mongodb-driver-3.0.4.jar;C:\Users\PbBhosale\.m2\repository\org\mongodb\bson\3.0.4\bson-3.0.4.jar;C:\Users\PbBhosale\.m2\repository\org\mongodb\mongodb-driver-core\3.0.4\mongodb-driver-core-3.0.4.jar;C:\Users\PbBhosale\.m2\repository\com\aventstack\extentreports\3.1.5\extentreports-3.1.5.jar;C:\Users\PbBhosale\.m2\repository\com\google\code\gson\gson\2.8.0\gson-2.8.0.jar;C:\Users\PbBhosale\.m2\repository\org\apache\poi\poi\4.1.1\poi-4.1.1.jar;C:\Users\PbBhosale\.m2\repository\commons-codec\commons-codec\1.13\commons-codec-1.13.jar;C:\Users\PbBhosale\.m2\repository\org\apache\commons\commons-collections4\4.4\commons-collections4-4.4.jar;C:\Users\PbBhosale\.m2\repository\org\apache\commons\commons-math3\3.6.1\commons-math3-3.6.1.jar;C:\Users\PbBhosale\.m2\repository\org\apache\poi\poi-ooxml\4.1.1\poi-ooxml-4.1.1.jar;C:\Users\PbBhosale\.m2\repository\org\apache\poi\poi-ooxml-schemas\4.1.1\poi-ooxml-schemas-4.1.1.jar;C:\Users\PbBhosale\.m2\repository\org\apache\xmlbeans\xmlbeans\3.1.0\xmlbeans-3.1.0.jar;C:\Users\PbBhosale\.m2\repository\org\apache\commons\commons-compress\1.19\commons-compress-1.19.jar;C:\Users\PbBhosale\.m2\repository\com\github\virtuald\curvesapi\1.06\curvesapi-1.06.jar;C:\Users\PbBhosale\.m2\repository\log4j\log4j\1.2.17\log4j-1.2.17.jar;"/>
    <property name="sun.cpu.endian" value="little"/>
    <property name="user.home" value="C:\Users\PbBhosale"/>
    <property name="user.language" value="en"/>
    <property name="java.specification.vendor" value="Oracle Corporation"/>
    <property name="java.home" value="C:\Program Files\Java\jre1.8.0_251"/>
    <property name="basedir" value="D:\Core_Java\CAR_BOOKING_RestAssured"/>
    <property name="file.separator" value="\"/>
    <property name="line.separator" value="&#10;"/>
    <property name="java.vm.specification.vendor" value="Oracle Corporation"/>
    <property name="java.specification.name" value="Java Platform API Specification"/>
    <property name="java.awt.graphicsenv" value="sun.awt.Win32GraphicsEnvironment"/>
    <property name="surefire.real.class.path" value="C:\Users\PBBHOS~1\AppData\Local\Temp\surefire8146127327515347312\surefirebooter2548958029033505916.jar"/>
    <property name="sun.boot.class.path" value="C:\Program Files\Java\jre1.8.0_251\lib\resources.jar;C:\Program Files\Java\jre1.8.0_251\lib\rt.jar;C:\Program Files\Java\jre1.8.0_251\lib\sunrsasign.jar;C:\Program Files\Java\jre1.8.0_251\lib\jsse.jar;C:\Program Files\Java\jre1.8.0_251\lib\jce.jar;C:\Program Files\Java\jre1.8.0_251\lib\charsets.jar;C:\Program Files\Java\jre1.8.0_251\lib\jfr.jar;C:\Program Files\Java\jre1.8.0_251\classes"/>
    <property name="user.script" value=""/>
    <property name="sun.management.compiler" value="HotSpot 64-Bit Tiered Compilers"/>
    <property name="java.runtime.version" value="1.8.0_251-b08"/>
    <property name="user.name" value="PbBhosale"/>
    <property name="path.separator" value=";"/>
    <property name="os.version" value="10.0"/>
    <property name="java.endorsed.dirs" value="C:\Program Files\Java\jre1.8.0_251\lib\endorsed"/>
    <property name="java.runtime.name" value="Java(TM) SE Runtime Environment"/>
    <property name="file.encoding" value="Cp1252"/>
    <property name="java.vm.name" value="Java HotSpot(TM) 64-Bit Server VM"/>
    <property name="localRepository" value="C:\Users\PbBhosale\.m2\repository"/>
    <property name="java.vendor.url.bug" value="http://bugreport.sun.com/bugreport/"/>
    <property name="java.io.tmpdir" value="C:\Users\PBBHOS~1\AppData\Local\Temp\"/>
    <property name="java.version" value="1.8.0_251"/>
    <property name="user.dir" value="D:\Core_Java\CAR_BOOKING_RestAssured"/>
    <property name="os.arch" value="amd64"/>
    <property name="java.vm.specification.name" value="Java Virtual Machine Specification"/>
    <property name="java.awt.printerjob" value="sun.awt.windows.WPrinterJob"/>
    <property name="sun.os.patch.level" value=""/>
    <property name="java.library.path" value="C:\Program Files\Java\jre1.8.0_251\bin;C:\Windows\Sun\Java\bin;C:\Windows\system32;C:\Windows;C:/Program Files/Java/jre1.8.0_251/bin/server;C:/Program Files/Java/jre1.8.0_251/bin;C:/Program Files/Java/jre1.8.0_251/lib/amd64;C:\Python27\;C:\Python27\Scripts;C:\Program Files (x86)\Common Files\Oracle\Java\javapath;C:\Windows\system32;C:\Windows;C:\Windows\System32\Wbem;C:\Windows\System32\WindowsPowerShell\v1.0\;C:\Windows\System32\OpenSSH\;C:\Program Files (x86)\Sennheiser\SoftphoneSDK\;C:\Program Files (x86)\Webex\Webex\Applications;C:\Python27\Lib;C:\Python27\libs;C:\Python27\Lib\site-packages;C:\Program Files\Git\cmd;D:\Software\Selenium_Jar\apache-maven-3.6.3-bin\apache-maven-3.6.3\bin;C:\Program Files\nodejs\;C:\Program Files\Java\jdk1.8.0_251\bin;C:\Users\PbBhosale\AppData\Roaming\npm;C:\Windows\System32;;."/>
    <property name="java.vm.info" value="mixed mode"/>
    <property name="java.vendor" value="Oracle Corporation"/>
    <property name="java.vm.version" value="25.251-b08"/>
    <property name="java.ext.dirs" value="C:\Program Files\Java\jre1.8.0_251\lib\ext;C:\Windows\Sun\Java\lib\ext"/>
    <property name="sun.io.unicode.encoding" value="UnicodeLittle"/>
    <property name="java.class.version" value="52.0"/>
  </properties>
  <testcase name="getList_Users" classname="com.GETusersapi.testCases.TC001_Get_Single_Users" time="12.522">
    <failure type="java.lang.NumberFormatException:">java.lang.NumberFormatException: null
</failure>
    <system-out><![CDATA[The name of the testcase Started is :USERS_API_Result
The name of the testcase Started is :getList_Users
2020-05-19 18:09:58,347 {yyyy-MM-dd HH:mm:ss} INFO  UsersRestAPI:33 - **************Started TC001_Get_List_Users***************
2020-05-19 18:10:10,687 {yyyy-MM-dd HH:mm:ss} INFO  UsersRestAPI:11 - **************Checking Response Body**************
2020-05-19 18:10:10,774 {yyyy-MM-dd HH:mm:ss} INFO  UsersRestAPI:15 - Response Body==>{"data":{"id":4,"email":"eve.holt@reqres.in","first_name":"Eve","last_name":"Holt","avatar":"https://s3.amazonaws.com/uifaces/faces/twitter/marcoramires/128.jpg"},"ad":{"company":"StatusCode Weekly","url":"http://statuscode.org/","text":"A weekly newsletter focusing on software development, infrastructure, the server, performance, and the stack end of things."}}
Response Body valid
2020-05-19 18:10:10,792 {yyyy-MM-dd HH:mm:ss} INFO  UsersRestAPI:30 - **************Checking Status Code**************
2020-05-19 18:10:10,794 {yyyy-MM-dd HH:mm:ss} INFO  UsersRestAPI:33 - Status Code==>200
200 for OK with Body (Updated response)
2020-05-19 18:10:10,800 {yyyy-MM-dd HH:mm:ss} INFO  UsersRestAPI:89 - **************Checking Status Line**************
2020-05-19 18:10:10,802 {yyyy-MM-dd HH:mm:ss} INFO  UsersRestAPI:92 - Status line==>HTTP/1.1 200 OK
2020-05-19 18:10:10,803 {yyyy-MM-dd HH:mm:ss} INFO  UsersRestAPI:112 - **************Checking Content Type**************
2020-05-19 18:10:10,809 {yyyy-MM-dd HH:mm:ss} INFO  UsersRestAPI:115 - Content Type==>application/json; charset=utf-8
2020-05-19 18:10:10,810 {yyyy-MM-dd HH:mm:ss} INFO  UsersRestAPI:122 - **************Checking Server Type**************
2020-05-19 18:10:10,812 {yyyy-MM-dd HH:mm:ss} INFO  UsersRestAPI:125 - ServerType==>cloudflare
2020-05-19 18:10:10,815 {yyyy-MM-dd HH:mm:ss} INFO  UsersRestAPI:132 - **************Checking Server Type**************
2020-05-19 18:10:10,818 {yyyy-MM-dd HH:mm:ss} INFO  UsersRestAPI:135 - ContentEncoding==>gzip
2020-05-19 18:10:10,819 {yyyy-MM-dd HH:mm:ss} INFO  UsersRestAPI:142 - **************Checking Server Type**************
2020-05-19 18:10:10,820 {yyyy-MM-dd HH:mm:ss} INFO  UsersRestAPI:145 - ContentLength==>null
]]></system-out>
  </testcase>
  <testcase name="getSingle_Users" classname="com.GETusersapi.testCases.TC001_Get_Single_Users" time="4.265">
    <failure type="java.lang.NumberFormatException:">java.lang.NumberFormatException: null
	at com.GETusersapi.testCases.TC001_Get_Single_Users.getSingle_Users(TC001_Get_Single_Users.java:47)
</failure>
    <system-out><![CDATA[The name of the testcase Failed is :getList_Users
2020-05-19 18:10:10,865 {yyyy-MM-dd HH:mm:ss} INFO  UsersRestAPI:54 - ***************Finished TC001_GET_Single_USERS************************
The name of the testcase Started is :getSingle_Users
2020-05-19 18:10:10,893 {yyyy-MM-dd HH:mm:ss} INFO  UsersRestAPI:31 - **************Started TC001_Get_Single_Users***************
2020-05-19 18:10:15,120 {yyyy-MM-dd HH:mm:ss} INFO  UsersRestAPI:11 - **************Checking Response Body**************
2020-05-19 18:10:15,122 {yyyy-MM-dd HH:mm:ss} INFO  UsersRestAPI:15 - Response Body==>{"data":{"id":2,"email":"janet.weaver@reqres.in","first_name":"Janet","last_name":"Weaver","avatar":"https://s3.amazonaws.com/uifaces/faces/twitter/josephstein/128.jpg"},"ad":{"company":"StatusCode Weekly","url":"http://statuscode.org/","text":"A weekly newsletter focusing on software development, infrastructure, the server, performance, and the stack end of things."}}
2020-05-19 18:10:15,122 {yyyy-MM-dd HH:mm:ss} INFO  UsersRestAPI:30 - **************Checking Status Code**************
2020-05-19 18:10:15,123 {yyyy-MM-dd HH:mm:ss} INFO  UsersRestAPI:33 - Status Code==>200
200 for OK with Body (Updated response)
2020-05-19 18:10:15,124 {yyyy-MM-dd HH:mm:ss} INFO  UsersRestAPI:89 - **************Checking Status Line**************
2020-05-19 18:10:15,125 {yyyy-MM-dd HH:mm:ss} INFO  UsersRestAPI:92 - Status line==>HTTP/1.1 200 OK
2020-05-19 18:10:15,144 {yyyy-MM-dd HH:mm:ss} INFO  UsersRestAPI:112 - **************Checking Content Type**************
2020-05-19 18:10:15,144 {yyyy-MM-dd HH:mm:ss} INFO  UsersRestAPI:115 - Content Type==>application/json; charset=utf-8
2020-05-19 18:10:15,146 {yyyy-MM-dd HH:mm:ss} INFO  UsersRestAPI:122 - **************Checking Server Type**************
2020-05-19 18:10:15,147 {yyyy-MM-dd HH:mm:ss} INFO  UsersRestAPI:125 - ServerType==>cloudflare
2020-05-19 18:10:15,148 {yyyy-MM-dd HH:mm:ss} INFO  UsersRestAPI:132 - **************Checking Server Type**************
2020-05-19 18:10:15,149 {yyyy-MM-dd HH:mm:ss} INFO  UsersRestAPI:135 - ContentEncoding==>gzip
2020-05-19 18:10:15,150 {yyyy-MM-dd HH:mm:ss} INFO  UsersRestAPI:142 - **************Checking Server Type**************
2020-05-19 18:10:15,151 {yyyy-MM-dd HH:mm:ss} INFO  UsersRestAPI:145 - ContentLength==>null
]]></system-out>
  </testcase>
  <testcase name="post_New_Users" classname="com.POSTusersapi.testCases.TC002_Post_ALL_Users" time="0.606"/>
  <testcase name="post_New_Users" classname="com.POSTusersapi.testCases.TC002_Post_ALL_Users" time="0.508"/>
  <testcase name="post_New_Users" classname="com.POSTusersapi.testCases.TC002_Post_ALL_Users" time="0.495">
    <failure message="Connection reset" type="java.net.SocketException">java.net.SocketException: Connection reset
	at com.POSTusersapi.testCases.TC002_Post_ALL_Users.post_New_Users(TC002_Post_ALL_Users.java:38)
</failure>
    <system-out><![CDATA[The name of the testcase Succeses is :post_New_Users
2020-05-19 18:10:16,307 {yyyy-MM-dd HH:mm:ss} INFO  UsersRestAPI:61 - ***************Finished TC001_GET_ALL_USERS************************
The name of the testcase Started is :post_New_Users
2020-05-19 18:10:16,311 {yyyy-MM-dd HH:mm:ss} INFO  UsersRestAPI:29 - **************Started TC002_POST_Request_ALL_Users***************
]]></system-out>
  </testcase>
</testsuite>