<?xml version="1.0" encoding="UTF-8"?>
<testsuite xmlns:xsi="http://www.w3.org/2001/XMLSchema-instance" xsi:noNamespaceSchemaLocation="https://maven.apache.org/surefire/maven-surefire-plugin/xsd/surefire-test-report.xsd" name="TestSuite" time="26.492" tests="8" errors="0" skipped="0" failures="1">
  <properties>
    <property name="sun.desktop" value="windows"/>
    <property name="awt.toolkit" value="sun.awt.windows.WToolkit"/>
    <property name="file.encoding.pkg" value="sun.io"/>
    <property name="java.specification.version" value="1.8"/>
    <property name="sun.cpu.isalist" value="amd64"/>
    <property name="sun.jnu.encoding" value="Cp1252"/>
    <property name="java.class.path" value="D:\Core_Java\taxi-booking-api-automation\target\test-classes;D:\Core_Java\taxi-booking-api-automation\target\classes;C:\Users\PbBhosale\.m2\repository\org\testng\testng\6.9.10\testng-6.9.10.jar;C:\Users\PbBhosale\.m2\repository\com\beust\jcommander\1.48\jcommander-1.48.jar;C:\Users\PbBhosale\.m2\repository\org\beanshell\bsh\2.0b4\bsh-2.0b4.jar;C:\Users\PbBhosale\.m2\repository\io\rest-assured\rest-assured\4.3.0\rest-assured-4.3.0.jar;C:\Users\PbBhosale\.m2\repository\org\codehaus\groovy\groovy\3.0.2\groovy-3.0.2.jar;C:\Users\PbBhosale\.m2\repository\org\codehaus\groovy\groovy-xml\3.0.2\groovy-xml-3.0.2.jar;C:\Users\PbBhosale\.m2\repository\org\apache\httpcomponents\httpclient\4.5.3\httpclient-4.5.3.jar;C:\Users\PbBhosale\.m2\repository\org\apache\httpcomponents\httpcore\4.4.6\httpcore-4.4.6.jar;C:\Users\PbBhosale\.m2\repository\commons-logging\commons-logging\1.2\commons-logging-1.2.jar;C:\Users\PbBhosale\.m2\repository\org\apache\httpcomponents\httpmime\4.5.3\httpmime-4.5.3.jar;C:\Users\PbBhosale\.m2\repository\org\hamcrest\hamcrest\2.1\hamcrest-2.1.jar;C:\Users\PbBhosale\.m2\repository\org\ccil\cowan\tagsoup\tagsoup\1.2.1\tagsoup-1.2.1.jar;C:\Users\PbBhosale\.m2\repository\io\rest-assured\json-path\4.3.0\json-path-4.3.0.jar;C:\Users\PbBhosale\.m2\repository\org\codehaus\groovy\groovy-json\3.0.2\groovy-json-3.0.2.jar;C:\Users\PbBhosale\.m2\repository\io\rest-assured\rest-assured-common\4.3.0\rest-assured-common-4.3.0.jar;C:\Users\PbBhosale\.m2\repository\io\rest-assured\xml-path\4.3.0\xml-path-4.3.0.jar;C:\Users\PbBhosale\.m2\repository\org\apache\commons\commons-lang3\3.4\commons-lang3-3.4.jar;C:\Users\PbBhosale\.m2\repository\jakarta\xml\bind\jakarta.xml.bind-api\2.3.2\jakarta.xml.bind-api-2.3.2.jar;C:\Users\PbBhosale\.m2\repository\jakarta\activation\jakarta.activation-api\1.2.1\jakarta.activation-api-1.2.1.jar;C:\Users\PbBhosale\.m2\repository\com\sun\xml\bind\jaxb-osgi\2.3.0.1\jaxb-osgi-2.3.0.1.jar;C:\Users\PbBhosale\.m2\repository\org\apache\sling\org.apache.sling.javax.activation\0.1.0\org.apache.sling.javax.activation-0.1.0.jar;C:\Users\PbBhosale\.m2\repository\javax\activation\activation\1.1.1\activation-1.1.1.jar;C:\Users\PbBhosale\.m2\repository\io\rest-assured\json-schema-validator\4.3.0\json-schema-validator-4.3.0.jar;C:\Users\PbBhosale\.m2\repository\com\github\java-json-tools\json-schema-validator\2.2.10\json-schema-validator-2.2.10.jar;C:\Users\PbBhosale\.m2\repository\com\github\java-json-tools\json-schema-core\1.2.10\json-schema-core-1.2.10.jar;C:\Users\PbBhosale\.m2\repository\com\github\java-json-tools\jackson-coreutils\1.9\jackson-coreutils-1.9.jar;C:\Users\PbBhosale\.m2\repository\com\fasterxml\jackson\core\jackson-databind\2.2.3\jackson-databind-2.2.3.jar;C:\Users\PbBhosale\.m2\repository\com\fasterxml\jackson\core\jackson-annotations\2.2.3\jackson-annotations-2.2.3.jar;C:\Users\PbBhosale\.m2\repository\com\fasterxml\jackson\core\jackson-core\2.2.3\jackson-core-2.2.3.jar;C:\Users\PbBhosale\.m2\repository\com\google\guava\guava\16.0.1\guava-16.0.1.jar;C:\Users\PbBhosale\.m2\repository\com\github\fge\msg-simple\1.1\msg-simple-1.1.jar;C:\Users\PbBhosale\.m2\repository\com\github\fge\btf\1.2\btf-1.2.jar;C:\Users\PbBhosale\.m2\repository\com\github\fge\uri-template\0.9\uri-template-0.9.jar;C:\Users\PbBhosale\.m2\repository\org\mozilla\rhino\1.7.7.1\rhino-1.7.7.1.jar;C:\Users\PbBhosale\.m2\repository\javax\mail\mailapi\1.4.3\mailapi-1.4.3.jar;C:\Users\PbBhosale\.m2\repository\joda-time\joda-time\2.9.7\joda-time-2.9.7.jar;C:\Users\PbBhosale\.m2\repository\com\googlecode\libphonenumber\libphonenumber\8.0.0\libphonenumber-8.0.0.jar;C:\Users\PbBhosale\.m2\repository\com\google\code\findbugs\jsr305\3.0.1\jsr305-3.0.1.jar;C:\Users\PbBhosale\.m2\repository\net\sf\jopt-simple\jopt-simple\5.0.3\jopt-simple-5.0.3.jar;C:\Users\PbBhosale\.m2\repository\com\googlecode\json-simple\json-simple\1.1.1\json-simple-1.1.1.jar;C:\Users\PbBhosale\.m2\repository\junit\junit\4.10\junit-4.10.jar;C:\Users\PbBhosale\.m2\repository\org\hamcrest\hamcrest-core\1.1\hamcrest-core-1.1.jar;C:\Users\PbBhosale\.m2\repository\org\json\json\20090211\json-20090211.jar;C:\Users\PbBhosale\.m2\repository\com\google\code\gson\gson\2.8.5\gson-2.8.5.jar;C:\Users\PbBhosale\.m2\repository\com\github\scribejava\scribejava-apis\2.5.3\scribejava-apis-2.5.3.jar;C:\Users\PbBhosale\.m2\repository\com\github\scribejava\scribejava-core\2.5.3\scribejava-core-2.5.3.jar;C:\Users\PbBhosale\.m2\repository\com\relevantcodes\extentreports\2.41.2\extentreports-2.41.2.jar;C:\Users\PbBhosale\.m2\repository\org\jsoup\jsoup\1.8.3\jsoup-1.8.3.jar;C:\Users\PbBhosale\.m2\repository\org\xerial\sqlite-jdbc\3.8.11.1\sqlite-jdbc-3.8.11.1.jar;C:\Users\PbBhosale\.m2\repository\org\freemarker\freemarker\2.3.23\freemarker-2.3.23.jar;C:\Users\PbBhosale\.m2\repository\org\mongodb\mongodb-driver\3.0.4\mongodb-driver-3.0.4.jar;C:\Users\PbBhosale\.m2\repository\org\mongodb\bson\3.0.4\bson-3.0.4.jar;C:\Users\PbBhosale\.m2\repository\org\mongodb\mongodb-driver-core\3.0.4\mongodb-driver-core-3.0.4.jar;C:\Users\PbBhosale\.m2\repository\com\aventstack\extentreports\3.1.5\extentreports-3.1.5.jar;C:\Users\PbBhosale\.m2\repository\org\apache\poi\poi\4.1.1\poi-4.1.1.jar;C:\Users\PbBhosale\.m2\repository\commons-codec\commons-codec\1.13\commons-codec-1.13.jar;C:\Users\PbBhosale\.m2\repository\org\apache\commons\commons-collections4\4.4\commons-collections4-4.4.jar;C:\Users\PbBhosale\.m2\repository\org\apache\commons\commons-math3\3.6.1\commons-math3-3.6.1.jar;C:\Users\PbBhosale\.m2\repository\org\apache\poi\poi-ooxml\4.1.1\poi-ooxml-4.1.1.jar;C:\Users\PbBhosale\.m2\repository\org\apache\poi\poi-ooxml-schemas\4.1.1\poi-ooxml-schemas-4.1.1.jar;C:\Users\PbBhosale\.m2\repository\org\apache\xmlbeans\xmlbeans\3.1.0\xmlbeans-3.1.0.jar;C:\Users\PbBhosale\.m2\repository\org\apache\commons\commons-compress\1.19\commons-compress-1.19.jar;C:\Users\PbBhosale\.m2\repository\com\github\virtuald\curvesapi\1.06\curvesapi-1.06.jar;C:\Users\PbBhosale\.m2\repository\log4j\log4j\1.2.17\log4j-1.2.17.jar;"/>
    <property name="java.vm.vendor" value="Oracle Corporation"/>
    <property name="sun.arch.data.model" value="64"/>
    <property name="user.variant" value=""/>
    <property name="java.vendor.url" value="http://java.oracle.com/"/>
    <property name="user.timezone" value="Asia/Calcutta"/>
    <property name="java.vm.specification.version" value="1.8"/>
    <property name="os.name" value="Windows 10"/>
    <property name="user.country" value="US"/>
    <property name="sun.java.launcher" value="SUN_STANDARD"/>
    <property name="sun.boot.library.path" value="C:\Program Files\Java\jre1.8.0_251\bin"/>
    <property name="sun.java.command" value="C:\Users\PBBHOS~1\AppData\Local\Temp\surefire440724947030087246\surefirebooter7120101105089196622.jar C:\Users\PbBhosale\AppData\Local\Temp\surefire440724947030087246 2020-08-11T11-46-26_386-jvmRun1 surefire907152564115934684tmp surefire_05253889219379795757tmp"/>
    <property name="surefire.test.class.path" value="D:\Core_Java\taxi-booking-api-automation\target\test-classes;D:\Core_Java\taxi-booking-api-automation\target\classes;C:\Users\PbBhosale\.m2\repository\org\testng\testng\6.9.10\testng-6.9.10.jar;C:\Users\PbBhosale\.m2\repository\com\beust\jcommander\1.48\jcommander-1.48.jar;C:\Users\PbBhosale\.m2\repository\org\beanshell\bsh\2.0b4\bsh-2.0b4.jar;C:\Users\PbBhosale\.m2\repository\io\rest-assured\rest-assured\4.3.0\rest-assured-4.3.0.jar;C:\Users\PbBhosale\.m2\repository\org\codehaus\groovy\groovy\3.0.2\groovy-3.0.2.jar;C:\Users\PbBhosale\.m2\repository\org\codehaus\groovy\groovy-xml\3.0.2\groovy-xml-3.0.2.jar;C:\Users\PbBhosale\.m2\repository\org\apache\httpcomponents\httpclient\4.5.3\httpclient-4.5.3.jar;C:\Users\PbBhosale\.m2\repository\org\apache\httpcomponents\httpcore\4.4.6\httpcore-4.4.6.jar;C:\Users\PbBhosale\.m2\repository\commons-logging\commons-logging\1.2\commons-logging-1.2.jar;C:\Users\PbBhosale\.m2\repository\org\apache\httpcomponents\httpmime\4.5.3\httpmime-4.5.3.jar;C:\Users\PbBhosale\.m2\repository\org\hamcrest\hamcrest\2.1\hamcrest-2.1.jar;C:\Users\PbBhosale\.m2\repository\org\ccil\cowan\tagsoup\tagsoup\1.2.1\tagsoup-1.2.1.jar;C:\Users\PbBhosale\.m2\repository\io\rest-assured\json-path\4.3.0\json-path-4.3.0.jar;C:\Users\PbBhosale\.m2\repository\org\codehaus\groovy\groovy-json\3.0.2\groovy-json-3.0.2.jar;C:\Users\PbBhosale\.m2\repository\io\rest-assured\rest-assured-common\4.3.0\rest-assured-common-4.3.0.jar;C:\Users\PbBhosale\.m2\repository\io\rest-assured\xml-path\4.3.0\xml-path-4.3.0.jar;C:\Users\PbBhosale\.m2\repository\org\apache\commons\commons-lang3\3.4\commons-lang3-3.4.jar;C:\Users\PbBhosale\.m2\repository\jakarta\xml\bind\jakarta.xml.bind-api\2.3.2\jakarta.xml.bind-api-2.3.2.jar;C:\Users\PbBhosale\.m2\repository\jakarta\activation\jakarta.activation-api\1.2.1\jakarta.activation-api-1.2.1.jar;C:\Users\PbBhosale\.m2\repository\com\sun\xml\bind\jaxb-osgi\2.3.0.1\jaxb-osgi-2.3.0.1.jar;C:\Users\PbBhosale\.m2\repository\org\apache\sling\org.apache.sling.javax.activation\0.1.0\org.apache.sling.javax.activation-0.1.0.jar;C:\Users\PbBhosale\.m2\repository\javax\activation\activation\1.1.1\activation-1.1.1.jar;C:\Users\PbBhosale\.m2\repository\io\rest-assured\json-schema-validator\4.3.0\json-schema-validator-4.3.0.jar;C:\Users\PbBhosale\.m2\repository\com\github\java-json-tools\json-schema-validator\2.2.10\json-schema-validator-2.2.10.jar;C:\Users\PbBhosale\.m2\repository\com\github\java-json-tools\json-schema-core\1.2.10\json-schema-core-1.2.10.jar;C:\Users\PbBhosale\.m2\repository\com\github\java-json-tools\jackson-coreutils\1.9\jackson-coreutils-1.9.jar;C:\Users\PbBhosale\.m2\repository\com\fasterxml\jackson\core\jackson-databind\2.2.3\jackson-databind-2.2.3.jar;C:\Users\PbBhosale\.m2\repository\com\fasterxml\jackson\core\jackson-annotations\2.2.3\jackson-annotations-2.2.3.jar;C:\Users\PbBhosale\.m2\repository\com\fasterxml\jackson\core\jackson-core\2.2.3\jackson-core-2.2.3.jar;C:\Users\PbBhosale\.m2\repository\com\google\guava\guava\16.0.1\guava-16.0.1.jar;C:\Users\PbBhosale\.m2\repository\com\github\fge\msg-simple\1.1\msg-simple-1.1.jar;C:\Users\PbBhosale\.m2\repository\com\github\fge\btf\1.2\btf-1.2.jar;C:\Users\PbBhosale\.m2\repository\com\github\fge\uri-template\0.9\uri-template-0.9.jar;C:\Users\PbBhosale\.m2\repository\org\mozilla\rhino\1.7.7.1\rhino-1.7.7.1.jar;C:\Users\PbBhosale\.m2\repository\javax\mail\mailapi\1.4.3\mailapi-1.4.3.jar;C:\Users\PbBhosale\.m2\repository\joda-time\joda-time\2.9.7\joda-time-2.9.7.jar;C:\Users\PbBhosale\.m2\repository\com\googlecode\libphonenumber\libphonenumber\8.0.0\libphonenumber-8.0.0.jar;C:\Users\PbBhosale\.m2\repository\com\google\code\findbugs\jsr305\3.0.1\jsr305-3.0.1.jar;C:\Users\PbBhosale\.m2\repository\net\sf\jopt-simple\jopt-simple\5.0.3\jopt-simple-5.0.3.jar;C:\Users\PbBhosale\.m2\repository\com\googlecode\json-simple\json-simple\1.1.1\json-simple-1.1.1.jar;C:\Users\PbBhosale\.m2\repository\junit\junit\4.10\junit-4.10.jar;C:\Users\PbBhosale\.m2\repository\org\hamcrest\hamcrest-core\1.1\hamcrest-core-1.1.jar;C:\Users\PbBhosale\.m2\repository\org\json\json\20090211\json-20090211.jar;C:\Users\PbBhosale\.m2\repository\com\google\code\gson\gson\2.8.5\gson-2.8.5.jar;C:\Users\PbBhosale\.m2\repository\com\github\scribejava\scribejava-apis\2.5.3\scribejava-apis-2.5.3.jar;C:\Users\PbBhosale\.m2\repository\com\github\scribejava\scribejava-core\2.5.3\scribejava-core-2.5.3.jar;C:\Users\PbBhosale\.m2\repository\com\relevantcodes\extentreports\2.41.2\extentreports-2.41.2.jar;C:\Users\PbBhosale\.m2\repository\org\jsoup\jsoup\1.8.3\jsoup-1.8.3.jar;C:\Users\PbBhosale\.m2\repository\org\xerial\sqlite-jdbc\3.8.11.1\sqlite-jdbc-3.8.11.1.jar;C:\Users\PbBhosale\.m2\repository\org\freemarker\freemarker\2.3.23\freemarker-2.3.23.jar;C:\Users\PbBhosale\.m2\repository\org\mongodb\mongodb-driver\3.0.4\mongodb-driver-3.0.4.jar;C:\Users\PbBhosale\.m2\repository\org\mongodb\bson\3.0.4\bson-3.0.4.jar;C:\Users\PbBhosale\.m2\repository\org\mongodb\mongodb-driver-core\3.0.4\mongodb-driver-core-3.0.4.jar;C:\Users\PbBhosale\.m2\repository\com\aventstack\extentreports\3.1.5\extentreports-3.1.5.jar;C:\Users\PbBhosale\.m2\repository\org\apache\poi\poi\4.1.1\poi-4.1.1.jar;C:\Users\PbBhosale\.m2\repository\commons-codec\commons-codec\1.13\commons-codec-1.13.jar;C:\Users\PbBhosale\.m2\repository\org\apache\commons\commons-collections4\4.4\commons-collections4-4.4.jar;C:\Users\PbBhosale\.m2\repository\org\apache\commons\commons-math3\3.6.1\commons-math3-3.6.1.jar;C:\Users\PbBhosale\.m2\repository\org\apache\poi\poi-ooxml\4.1.1\poi-ooxml-4.1.1.jar;C:\Users\PbBhosale\.m2\repository\org\apache\poi\poi-ooxml-schemas\4.1.1\poi-ooxml-schemas-4.1.1.jar;C:\Users\PbBhosale\.m2\repository\org\apache\xmlbeans\xmlbeans\3.1.0\xmlbeans-3.1.0.jar;C:\Users\PbBhosale\.m2\repository\org\apache\commons\commons-compress\1.19\commons-compress-1.19.jar;C:\Users\PbBhosale\.m2\repository\com\github\virtuald\curvesapi\1.06\curvesapi-1.06.jar;C:\Users\PbBhosale\.m2\repository\log4j\log4j\1.2.17\log4j-1.2.17.jar;"/>
    <property name="sun.cpu.endian" value="little"/>
    <property name="user.home" value="C:\Users\PbBhosale"/>
    <property name="user.language" value="en"/>
    <property name="java.specification.vendor" value="Oracle Corporation"/>
    <property name="java.home" value="C:\Program Files\Java\jre1.8.0_251"/>
    <property name="basedir" value="D:\Core_Java\taxi-booking-api-automation"/>
    <property name="file.separator" value="\"/>
    <property name="line.separator" value="&#10;"/>
    <property name="java.vm.specification.vendor" value="Oracle Corporation"/>
    <property name="java.specification.name" value="Java Platform API Specification"/>
    <property name="java.awt.graphicsenv" value="sun.awt.Win32GraphicsEnvironment"/>
    <property name="surefire.real.class.path" value="C:\Users\PBBHOS~1\AppData\Local\Temp\surefire440724947030087246\surefirebooter7120101105089196622.jar"/>
    <property name="sun.boot.class.path" value="C:\Program Files\Java\jre1.8.0_251\lib\resources.jar;C:\Program Files\Java\jre1.8.0_251\lib\rt.jar;C:\Program Files\Java\jre1.8.0_251\lib\sunrsasign.jar;C:\Program Files\Java\jre1.8.0_251\lib\jsse.jar;C:\Program Files\Java\jre1.8.0_251\lib\jce.jar;C:\Program Files\Java\jre1.8.0_251\lib\charsets.jar;C:\Program Files\Java\jre1.8.0_251\lib\jfr.jar;C:\Program Files\Java\jre1.8.0_251\classes"/>
    <property name="user.script" value=""/>
    <property name="sun.management.compiler" value="HotSpot 64-Bit Tiered Compilers"/>
    <property name="java.runtime.version" value="1.8.0_251-b08"/>
    <property name="user.name" value="PbBhosale"/>
    <property name="path.separator" value=";"/>
    <property name="os.version" value="10.0"/>
    <property name="java.endorsed.dirs" value="C:\Program Files\Java\jre1.8.0_251\lib\endorsed"/>
    <property name="java.runtime.name" value="Java(TM) SE Runtime Environment"/>
    <property name="file.encoding" value="Cp1252"/>
    <property name="java.vm.name" value="Java HotSpot(TM) 64-Bit Server VM"/>
    <property name="localRepository" value="C:\Users\PbBhosale\.m2\repository"/>
    <property name="java.vendor.url.bug" value="http://bugreport.sun.com/bugreport/"/>
    <property name="java.io.tmpdir" value="C:\Users\PBBHOS~1\AppData\Local\Temp\"/>
    <property name="java.version" value="1.8.0_251"/>
    <property name="user.dir" value="D:\Core_Java\taxi-booking-api-automation"/>
    <property name="os.arch" value="amd64"/>
    <property name="java.vm.specification.name" value="Java Virtual Machine Specification"/>
    <property name="java.awt.printerjob" value="sun.awt.windows.WPrinterJob"/>
    <property name="sun.os.patch.level" value=""/>
    <property name="java.library.path" value="C:\Program Files\Java\jre1.8.0_251\bin;C:\Windows\Sun\Java\bin;C:\Windows\system32;C:\Windows;C:/Program Files/Java/jre1.8.0_251/bin/server;C:/Program Files/Java/jre1.8.0_251/bin;C:/Program Files/Java/jre1.8.0_251/lib/amd64;C:\Python27\;C:\Python27\Scripts;C:\Program Files (x86)\Common Files\Oracle\Java\javapath;C:\Windows\system32;C:\Windows;C:\Windows\System32\Wbem;C:\Windows\System32\WindowsPowerShell\v1.0\;C:\Windows\System32\OpenSSH\;C:\Program Files (x86)\Sennheiser\SoftphoneSDK\;C:\Program Files (x86)\Webex\Webex\Applications;C:\Python27\Lib;C:\Python27\libs;C:\Python27\Lib\site-packages;C:\Program Files\Git\cmd;D:\Software\Selenium_Jar\apache-maven-3.6.3-bin\apache-maven-3.6.3\bin;C:\Program Files\nodejs\;D:\Software\chromedriver_win32\chromedriver_win32 (1)\chromedriver.exe;;C:\Program Files\Docker\Docker\resources\bin;C:\ProgramData\DockerDesktop\version-bin;C:\Program Files\Amazon\AWSCLIV2\;C:\Program Files\Java\jdk1.8.0_251\bin;C:\Users\PbBhosale\AppData\Roaming\npm;D:\instantclient_19_3;;C:\Windows\system32;;."/>
    <property name="java.vm.info" value="mixed mode"/>
    <property name="java.vendor" value="Oracle Corporation"/>
    <property name="java.vm.version" value="25.251-b08"/>
    <property name="java.ext.dirs" value="C:\Program Files\Java\jre1.8.0_251\lib\ext;C:\Windows\Sun\Java\lib\ext"/>
    <property name="sun.io.unicode.encoding" value="UnicodeLittle"/>
    <property name="java.class.version" value="52.0"/>
  </properties>
  <testcase name="getList_Users" classname="com.NotificationDetails.TC001_Get_Notification_Users" time="7.176"/>
  <testcase name="post_New_Users" classname="com.NotificationDetails.TC002_Post_Notification_Users" time="0.17"/>
  <testcase name="put_New_Users" classname="com.NotificationDetails.TC003_PUT_Notification_Users" time="0.086"/>
  <testcase name="callNotificationAPI" classname="com.NotificationDetails.TC004_Get_One_Notification_Details" time="3.067"/>
  <testcase name="retrieveNotificationDetails" classname="com.NotificationDetails.TC004_Get_One_Notification_Details" time="3.075"/>
  <testcase name="callNotificationAPI" classname="com.NotificationDetails.TC005_Delete_Notification_Details" time="3.061"/>
  <testcase name="retrieveNotificationDetails" classname="com.NotificationDetails.TC005_Delete_Notification_Details" time="3.095"/>
  <testcase name="post_New_Users" classname="com.DriverProfile.TC001_Post_DriverRegistration" time="0.173">
    <failure message="Failed to parse the JSON document" type="io.restassured.path.json.exception.JsonPathException">io.restassured.path.json.exception.JsonPathException: Failed to parse the JSON document
	at com.DriverProfile.TC001_Post_DriverRegistration.post_New_Users(TC001_Post_DriverRegistration.java:58)
Caused by: groovy.json.JsonException: Lexing failed on line: 1, column: 1, while reading 'm', no possible valid JSON value or punctuation could be recognized.
	at com.DriverProfile.TC001_Post_DriverRegistration.post_New_Users(TC001_Post_DriverRegistration.java:58)
</failure>
    <system-out><![CDATA[2020-08-11 11:46:53,008 {yyyy-MM-dd HH:mm:ss} INFO  UsersRestAPI:105 - ***************Finished TC001_GET_List_USERS************************
2020-08-11 11:46:53,016 {yyyy-MM-dd HH:mm:ss} INFO  UsersRestAPI:40 - **************Started TC001_POST_Request__DriverRegistration***************
2020-08-11 11:46:53,080 {yyyy-MM-dd HH:mm:ss} INFO  UsersRestAPI:42 - **************Checking Response Body**************
2020-08-11 11:46:53,081 {yyyy-MM-dd HH:mm:ss} INFO  UsersRestAPI:47 - Response Body==>mobilenumber exist
Response Body Data=mobilenumber exist
]]></system-out>
  </testcase>
</testsuite>