<?xml version="1.0" encoding="UTF-8"?>
<!-- Generated by org.testng.reporters.JUnitReportReporter -->
<testsuite hostname="HIPUNL145689" name="com.NotificationDetails.TC004_Get_One_Notification_Details" tests="2" failures="0" timestamp="30 Jul 2020 12:09:40 GMT" time="3.186" errors="0">
  <testcase name="callRidesAPI" time="3.096" classname="com.NotificationDetails.TC004_Get_One_Notification_Details"/>
  <testcase name="retrieveNotificationDetails" time="0.090" classname="com.NotificationDetails.TC004_Get_One_Notification_Details"/>
</testsuite> <!-- com.NotificationDetails.TC004_Get_One_Notification_Details -->
