<?xml version="1.0" encoding="UTF-8"?>
<!-- Generated by org.testng.reporters.JUnitReportReporter -->
<testsuite hostname="HIPUNL145689" name="com.NotificationDetails.TC001_Get_Notification_Users" tests="3" failures="0" timestamp="28 Jul 2020 14:01:02 GMT" time="12.106" errors="0">
  <testcase name="put_New_Users" time="0.113" classname="com.NotificationDetails.TC001_Get_Notification_Users"/>
  <testcase name="post_New_Users" time="0.232" classname="com.NotificationDetails.TC001_Get_Notification_Users"/>
  <testcase name="getList_Users" time="11.761" classname="com.NotificationDetails.TC001_Get_Notification_Users"/>
</testsuite> <!-- com.NotificationDetails.TC001_Get_Notification_Users -->
