<?xml version="1.0" encoding="UTF-8"?>
<!-- Generated by org.testng.reporters.JUnitReportReporter -->
<testsuite hostname="HIPUNL145689" name="com.DriverProfile.TC001_Post_DriverRegistration" tests="3" failures="0" timestamp="13 Aug 2020 14:42:26 GMT" time="1.331" errors="0">
  <testcase name="post_DriveRegi_EmptyDate" time="0.025" classname="com.DriverProfile.TC001_Post_DriverRegistration"/>
  <testcase name="post_New_Users" time="1.286" classname="com.DriverProfile.TC001_Post_DriverRegistration"/>
  <testcase name="post_DriveRegi_Invalid_MobNo" time="0.020" classname="com.DriverProfile.TC001_Post_DriverRegistration"/>
</testsuite> <!-- com.DriverProfile.TC001_Post_DriverRegistration -->
