<?xml version="1.0" encoding="UTF-8"?>
<!-- Generated by org.testng.reporters.JUnitReportReporter -->
<testsuite hostname="HIPUNL145689" name="com.PassengerProfile.TC001_Post_PassengerRegisteration" tests="1" failures="0" timestamp="18 Aug 2020 14:47:58 GMT" time="4.256" errors="0">
  <testcase name="post_PassengerRegi_EmptyData" time="4.256" classname="com.PassengerProfile.TC001_Post_PassengerRegisteration"/>
</testsuite> <!-- com.PassengerProfile.TC001_Post_PassengerRegisteration -->
