<?xml version="1.0" encoding="UTF-8"?>
<!-- Generated by org.testng.reporters.JUnitReportReporter -->
<testsuite skipped="0" hostname="HIPUNL145689" name="com.usersapi.testCases.TC002_Post_ALL_Users" tests="1" failures="0" timestamp="2020-05-18T16:38:06 IST" time="2.195" errors="0">
  <testcase name="custLogin_Test" time="2.195" classname="com.usersapi.testCases.TC002_Post_ALL_Users"/>
  <system-out/>
</testsuite> <!-- com.usersapi.testCases.TC002_Post_ALL_Users -->
