<?xml version="1.0" encoding="UTF-8"?>
<!-- Generated by org.testng.reporters.JUnitReportReporter -->
<testsuite hostname="HIPUNL145689" name="com.NotificationDetails.TC005_Delete_Notification_Details" tests="2" failures="0" timestamp="30 Jul 2020 12:09:55 GMT" time="2.833" errors="0">
  <testcase name="callNotificationAPI" time="2.720" classname="com.NotificationDetails.TC005_Delete_Notification_Details"/>
  <testcase name="deleteNotificationDetails" time="0.113" classname="com.NotificationDetails.TC005_Delete_Notification_Details"/>
</testsuite> <!-- com.NotificationDetails.TC005_Delete_Notification_Details -->
