<?xml version="1.0" encoding="UTF-8"?>
<!-- Generated by org.testng.reporters.JUnitReportReporter -->
<testsuite hostname="HIPUNL145689" name="com.DriverProfile.TC003_GetDriverID" tests="2" failures="0" timestamp="13 Aug 2020 07:27:39 GMT" time="8.653" errors="0">
  <testcase name="post_drierVerify_Valid_UNM_PWD" time="5.293" classname="com.DriverProfile.TC003_GetDriverID"/>
  <testcase name="verify_GetReqByDriverID" time="3.360" classname="com.DriverProfile.TC003_GetDriverID"/>
</testsuite> <!-- com.DriverProfile.TC003_GetDriverID -->
