<?xml version="1.0" encoding="UTF-8"?>
<!-- Generated by org.testng.reporters.JUnitReportReporter -->
<testsuite hostname="HIPUNL145689" name="com.NotificationDetails.TC005_Delete_Notification_Details" tests="2" failures="0" timestamp="11 Aug 2020 05:54:09 GMT" time="6.140" errors="0">
  <testcase name="callNotificationAPI" time="3.057" classname="com.NotificationDetails.TC005_Delete_Notification_Details"/>
  <testcase name="retrieveNotificationDetails" time="3.083" classname="com.NotificationDetails.TC005_Delete_Notification_Details"/>
</testsuite> <!-- com.NotificationDetails.TC005_Delete_Notification_Details -->
