<?xml version="1.0" encoding="UTF-8"?>
<!-- Generated by org.testng.reporters.JUnitReportReporter -->
<testsuite hostname="HIPUNL145689" name="com.NotificationDetails.TC002_Post_Notification_Users" tests="1" failures="0" timestamp="13 Aug 2020 14:42:27 GMT" time="0.111" errors="0">
  <testcase name="post_New_Users" time="0.111" classname="com.NotificationDetails.TC002_Post_Notification_Users"/>
</testsuite> <!-- com.NotificationDetails.TC002_Post_Notification_Users -->
