<?xml version="1.0" encoding="UTF-8"?>
<!-- Generated by org.testng.reporters.JUnitReportReporter -->
<testsuite hostname="HIPUNL145689" name="com.NotificationDetails.TC002_Post_Notification_Users" tests="1" failures="0" timestamp="11 Aug 2020 05:54:09 GMT" time="0.202" errors="0">
  <testcase name="post_New_Users" time="0.202" classname="com.NotificationDetails.TC002_Post_Notification_Users"/>
</testsuite> <!-- com.NotificationDetails.TC002_Post_Notification_Users -->
