<?xml version="1.0" encoding="UTF-8"?>
<!-- Generated by org.testng.reporters.JUnitReportReporter -->
<testsuite hostname="HIPUNL145689" name="com.DriverProfile.TC004_GetDriverUserNM" tests="2" failures="0" timestamp="14 Aug 2020 14:53:50 GMT" time="9.020" errors="0">
  <testcase name="verify_GetReqByDriverUserID" time="3.197" classname="com.DriverProfile.TC004_GetDriverUserNM"/>
  <testcase name="post_drierVerify_Valid_UNM_PWD" time="5.823" classname="com.DriverProfile.TC004_GetDriverUserNM"/>
</testsuite> <!-- com.DriverProfile.TC004_GetDriverUserNM -->
