<?xml version="1.0" encoding="UTF-8"?>
<!-- Generated by org.testng.reporters.JUnitReportReporter -->
<testsuite hostname="HIPUNL145689" name="com.DriverProfile.TC001_Post_DriverRegistration" tests="3" failures="0" timestamp="14 Aug 2020 14:52:19 GMT" time="4.819" errors="0">
  <testcase name="post_DriveRegi_EmptyDate" time="2.859" classname="com.DriverProfile.TC001_Post_DriverRegistration"/>
  <testcase name="post_New_Users" time="1.895" classname="com.DriverProfile.TC001_Post_DriverRegistration"/>
  <testcase name="post_DriveRegi_Invalid_MobNo" time="0.065" classname="com.DriverProfile.TC001_Post_DriverRegistration"/>
</testsuite> <!-- com.DriverProfile.TC001_Post_DriverRegistration -->
