<?xml version="1.0" encoding="UTF-8"?>
<!-- Generated by org.testng.reporters.JUnitReportReporter -->
<testsuite hostname="HIPUNL145689" name="com.NotificationDetails.TC001_Get_Notification_Users" tests="1" failures="0" timestamp="11 Aug 2020 05:54:09 GMT" time="8.806" errors="0">
  <testcase name="getList_Users" time="8.806" classname="com.NotificationDetails.TC001_Get_Notification_Users"/>
</testsuite> <!-- com.NotificationDetails.TC001_Get_Notification_Users -->
