<?xml version="1.0" encoding="UTF-8"?>
<!-- Generated by org.testng.reporters.JUnitReportReporter -->
<testsuite hostname="HIPUNL145689" name="com.DriverProfile.TC002_Post_DriverVerify" tests="3" failures="0" timestamp="17 Aug 2020 13:31:06 GMT" time="6.489" errors="0">
  <testcase name="post_drierVerify_Valid_UNM_PWD" time="2.284" classname="com.DriverProfile.TC002_Post_DriverVerify"/>
  <testcase name="post_drierVerify_Invalid_UNM_PWD" time="0.150" classname="com.DriverProfile.TC002_Post_DriverVerify"/>
  <testcase name="post_drierVerify_EmptyData" time="4.055" classname="com.DriverProfile.TC002_Post_DriverVerify"/>
</testsuite> <!-- com.DriverProfile.TC002_Post_DriverVerify -->
