<?xml version="1.0" encoding="UTF-8"?>
<!-- Generated by org.testng.reporters.JUnitReportReporter -->
<testsuite hostname="HIPUNL145689" name="com.DriverProfile.TC004_GetDriverUserNM" tests="2" failures="0" timestamp="13 Aug 2020 08:00:06 GMT" time="8.824" errors="0">
  <testcase name="post_drierVerify_Valid_UNM_PWD" time="5.630" classname="com.DriverProfile.TC004_GetDriverUserNM"/>
  <testcase name="verify_GetReqByDriverUserID" time="3.194" classname="com.DriverProfile.TC004_GetDriverUserNM"/>
</testsuite> <!-- com.DriverProfile.TC004_GetDriverUserNM -->
