<?xml version="1.0" encoding="UTF-8"?>
<!-- Generated by org.testng.reporters.JUnitReportReporter -->
<testsuite hostname="HIPUNL145689" name="com.NotificationDetails.TC001_Get_Notification_Users" tests="1" failures="0" timestamp="4 Aug 2020 11:05:20 GMT" time="5.871" errors="0">
  <testcase name="getList_Users" time="5.871" classname="com.NotificationDetails.TC001_Get_Notification_Users"/>
</testsuite> <!-- com.NotificationDetails.TC001_Get_Notification_Users -->
