<?xml version="1.0" encoding="UTF-8"?>
<!-- Generated by org.testng.reporters.JUnitReportReporter -->
<testsuite hostname="HIPUNL145689" name="com.DriverProfile.TC002_Post_DriverVerify" tests="3" failures="0" timestamp="13 Aug 2020 14:42:27 GMT" time="0.223" errors="0">
  <testcase name="post_drierVerify_Valid_UNM_PWD" time="0.173" classname="com.DriverProfile.TC002_Post_DriverVerify"/>
  <testcase name="post_drierVerify_EmptyData" time="0.023" classname="com.DriverProfile.TC002_Post_DriverVerify"/>
  <testcase name="post_drierVerify_Invalid_UNM_PWD" time="0.027" classname="com.DriverProfile.TC002_Post_DriverVerify"/>
</testsuite> <!-- com.DriverProfile.TC002_Post_DriverVerify -->
