<?xml version="1.0" encoding="UTF-8"?>
<!-- Generated by org.testng.reporters.JUnitReportReporter -->
<testsuite hostname="HIPUNL145689" name="com.NotificationDetails.TC004_Get_One_Notification_Details" tests="2" failures="0" timestamp="11 Aug 2020 05:54:09 GMT" time="6.173" errors="0">
  <testcase name="retrieveNotificationDetails" time="3.088" classname="com.NotificationDetails.TC004_Get_One_Notification_Details"/>
  <testcase name="callNotificationAPI" time="3.085" classname="com.NotificationDetails.TC004_Get_One_Notification_Details"/>
</testsuite> <!-- com.NotificationDetails.TC004_Get_One_Notification_Details -->
