<?xml version="1.0" encoding="UTF-8"?>
<!-- Generated by org.testng.reporters.JUnitReportReporter -->
<testsuite hostname="HIPUNL145689" name="com.DriverProfile.TC003_GetDriverID" tests="2" failures="0" timestamp="13 Aug 2020 14:42:26 GMT" time="3.249" errors="0">
  <testcase name="verify_GetReqByDriverID" time="3.108" classname="com.DriverProfile.TC003_GetDriverID"/>
  <testcase name="post_drierVerify_Valid_UNM_PWD" time="0.141" classname="com.DriverProfile.TC003_GetDriverID"/>
</testsuite> <!-- com.DriverProfile.TC003_GetDriverID -->
