<?xml version="1.0" encoding="UTF-8"?>
<!-- Generated by org.testng.reporters.JUnitReportReporter -->
<testsuite skipped="0" hostname="HIPUNL145689" name="com.usersapi.testCases.TC001_Get_ALL_Users" tests="1" failures="0" timestamp="2020-05-18T21:11:16 IST" time="6.150" errors="0">
  <testcase name="getAll_Users" time="6.150" classname="com.usersapi.testCases.TC001_Get_ALL_Users"/>
  <system-out/>
</testsuite> <!-- com.usersapi.testCases.TC001_Get_ALL_Users -->
