<?xml version="1.0" encoding="UTF-8"?>
<!-- Generated by org.testng.reporters.JUnitReportReporter -->
<testsuite hostname="HIPUNL145689" name="com.DriverProfile.TC001_Post_DriverRegistration" tests="3" failures="0" timestamp="11 Aug 2020 13:11:06 GMT" time="5.757" errors="0">
  <testcase name="post_DriveRegi_Invalid_MobNo" time="0.082" classname="com.DriverProfile.TC001_Post_DriverRegistration"/>
  <testcase name="post_DriveRegi_EmptyDate" time="3.722" classname="com.DriverProfile.TC001_Post_DriverRegistration"/>
  <testcase name="post_New_Users" time="1.953" classname="com.DriverProfile.TC001_Post_DriverRegistration"/>
</testsuite> <!-- com.DriverProfile.TC001_Post_DriverRegistration -->
