<?xml version="1.0" encoding="UTF-8"?>
<!-- Generated by org.testng.reporters.JUnitReportReporter -->
<testsuite hostname="HIPUNL145689" name="com.NotificationDetails.TC003_PUT_Notification_Users" tests="1" failures="0" timestamp="11 Aug 2020 05:54:09 GMT" time="0.073" errors="0">
  <testcase name="put_New_Users" time="0.073" classname="com.NotificationDetails.TC003_PUT_Notification_Users"/>
</testsuite> <!-- com.NotificationDetails.TC003_PUT_Notification_Users -->
