<?xml version="1.0" encoding="UTF-8"?>
<!-- Generated by org.testng.reporters.JUnitReportReporter -->
<testsuite hostname="HIPUNL145689" name="com.NotificationDetails.TC006_Get_One_Notification_Details" tests="2" failures="0" timestamp="10 Aug 2020 07:10:53 GMT" time="9.944" errors="0">
  <testcase name="callRidesAPI" time="6.874" classname="com.NotificationDetails.TC006_Get_One_Notification_Details"/>
  <testcase name="retrieveNotificationDetails" time="3.070" classname="com.NotificationDetails.TC006_Get_One_Notification_Details"/>
</testsuite> <!-- com.NotificationDetails.TC006_Get_One_Notification_Details -->
