<?xml version="1.0" encoding="UTF-8"?>
<!-- Generated by org.testng.reporters.JUnitReportReporter -->
<testsuite hostname="HIPUNL145689" name="com.DriverProfile.TC002_Post_DriverVerify" tests="3" failures="0" timestamp="13 Aug 2020 07:21:45 GMT" time="5.976" errors="0">
  <testcase name="post_drierVerify_Valid_UNM_PWD" time="1.943" classname="com.DriverProfile.TC002_Post_DriverVerify"/>
  <testcase name="post_drierVerify_Invalid_UNM_PWD" time="0.932" classname="com.DriverProfile.TC002_Post_DriverVerify"/>
  <testcase name="post_drierVerify_EmptyData" time="3.101" classname="com.DriverProfile.TC002_Post_DriverVerify"/>
</testsuite> <!-- com.DriverProfile.TC002_Post_DriverVerify -->
