<?xml version="1.0" encoding="UTF-8"?>
<!-- Generated by org.testng.reporters.JUnitReportReporter -->
<testsuite skipped="0" hostname="HIPUNL145689" name="com.PATCHusersapi.testCases.TC002_PATCH_ALL_Users" tests="1" failures="0" timestamp="2020-05-19T13:35:14 IST" time="2.040" errors="0">
  <testcase name="post_New_Users" time="2.040" classname="com.PATCHusersapi.testCases.TC002_PATCH_ALL_Users"/>
  <system-out/>
</testsuite> <!-- com.PATCHusersapi.testCases.TC002_PATCH_ALL_Users -->
