<?xml version="1.0" encoding="UTF-8"?>
<!-- Generated by org.testng.reporters.JUnitReportReporter -->
<testsuite skipped="0" hostname="HIPUNL145689" name="com.POSTusersapi.testCases.TC002_Post_ALL_Users" tests="3" failures="0" timestamp="2020-05-19T18:33:21 IST" time="2.066" errors="0">
  <testcase name="post_New_Users" time="0.043" classname="com.POSTusersapi.testCases.TC002_Post_ALL_Users"/>
  <system-out/>
  <testcase name="post_New_Users" time="0.034" classname="com.POSTusersapi.testCases.TC002_Post_ALL_Users"/>
  <system-out/>
  <testcase name="post_New_Users" time="1.989" classname="com.POSTusersapi.testCases.TC002_Post_ALL_Users"/>
  <system-out/>
</testsuite> <!-- com.POSTusersapi.testCases.TC002_Post_ALL_Users -->
