<?xml version="1.0" encoding="UTF-8"?>
<!-- Generated by org.testng.reporters.JUnitReportReporter -->
<testsuite hostname="HIPUNL145689" name="com.DriverProfile.TC005_PATCH_LocationPINCode" tests="2" failures="0" timestamp="14 Aug 2020 14:54:35 GMT" time="5.313" errors="0">
  <testcase name="post_drierVerify_Valid_UNM_PWD" time="5.105" classname="com.DriverProfile.TC005_PATCH_LocationPINCode"/>
  <testcase name="patch_UpdateDriverLocPINCODE" time="0.208" classname="com.DriverProfile.TC005_PATCH_LocationPINCode"/>
</testsuite> <!-- com.DriverProfile.TC005_PATCH_LocationPINCode -->
