<?xml version="1.0" encoding="UTF-8"?>
<!-- Generated by org.testng.reporters.JUnitReportReporter -->
<testsuite skipped="0" hostname="HIPUNL145689" name="com.PUTusersapi.testCases.TC002_PUT_ALL_Users" tests="1" failures="0" timestamp="2020-05-19T12:42:14 IST" time="1.861" errors="0">
  <testcase name="post_New_Users" time="1.861" classname="com.PUTusersapi.testCases.TC002_PUT_ALL_Users"/>
  <system-out/>
</testsuite> <!-- com.PUTusersapi.testCases.TC002_PUT_ALL_Users -->
