<?xml version="1.0" encoding="UTF-8"?>
<!-- Generated by org.testng.reporters.JUnitReportReporter -->
<testsuite hostname="HIPUNL145689" name="com.NotificationDetails.TC004_Get_One_Notification_Details" tests="2" failures="0" timestamp="13 Aug 2020 14:42:26 GMT" time="6.095" errors="0">
  <testcase name="retrieveNotificationDetails" time="3.056" classname="com.NotificationDetails.TC004_Get_One_Notification_Details"/>
  <testcase name="callNotificationAPI" time="3.039" classname="com.NotificationDetails.TC004_Get_One_Notification_Details"/>
</testsuite> <!-- com.NotificationDetails.TC004_Get_One_Notification_Details -->
