<?xml version="1.0" encoding="UTF-8"?>
<!-- Generated by org.testng.reporters.JUnitReportReporter -->
<testsuite hostname="HIPUNL145689" name="com.DriverProfile.TC004_GetDriverUserNM" tests="2" failures="0" timestamp="17 Aug 2020 13:32:20 GMT" time="8.650" errors="0">
  <testcase name="verify_GetReqByDriverUserID" time="3.247" classname="com.DriverProfile.TC004_GetDriverUserNM"/>
  <testcase name="post_drierVerify_Valid_UNM_PWD" time="5.403" classname="com.DriverProfile.TC004_GetDriverUserNM"/>
</testsuite> <!-- com.DriverProfile.TC004_GetDriverUserNM -->
