<?xml version="1.0" encoding="UTF-8"?>
<!-- Generated by org.testng.reporters.JUnitReportReporter -->
<testsuite hostname="HIPUNL145689" name="com.DriverProfile.TC006_PATCH_ChangePWD" tests="2" failures="0" timestamp="17 Aug 2020 14:04:11 GMT" time="6.930" errors="0">
  <testcase name="post_drierVerify_Valid_UNM_PWD" time="6.724" classname="com.DriverProfile.TC006_PATCH_ChangePWD"/>
  <testcase name="patch_UpdateDriverLocPINCODE" time="0.206" classname="com.DriverProfile.TC006_PATCH_ChangePWD"/>
</testsuite> <!-- com.DriverProfile.TC006_PATCH_ChangePWD -->
