<?xml version="1.0" encoding="UTF-8"?>
<!-- Generated by org.testng.reporters.JUnitReportReporter -->
<testsuite hostname="HIPUNL145689" name="com.DriverProfile.TC001_Post_DriverRegistration" tests="3" failures="0" timestamp="17 Aug 2020 13:30:46 GMT" time="5.673" errors="0">
  <testcase name="post_DriveRegi_Invalid_MobNo" time="0.057" classname="com.DriverProfile.TC001_Post_DriverRegistration"/>
  <testcase name="post_DriveRegi_EmptyDate" time="3.785" classname="com.DriverProfile.TC001_Post_DriverRegistration"/>
  <testcase name="post_New_DriverRegister" time="1.831" classname="com.DriverProfile.TC001_Post_DriverRegistration"/>
</testsuite> <!-- com.DriverProfile.TC001_Post_DriverRegistration -->
