<?xml version="1.0" encoding="UTF-8"?>
<!-- Generated by org.testng.reporters.JUnitReportReporter -->
<testsuite skipped="0" hostname="HIPUNL145689" name="com.usersapi.testCases.TC002_Post_ALL_Users" tests="3" failures="0" timestamp="2020-05-17T21:19:54 IST" time="0.114" errors="0">
  <testcase name="post_New_Users" time="0.034" classname="com.usersapi.testCases.TC002_Post_ALL_Users"/>
  <system-out/>
  <testcase name="post_New_Users" time="0.048" classname="com.usersapi.testCases.TC002_Post_ALL_Users"/>
  <system-out/>
  <testcase name="post_New_Users" time="0.032" classname="com.usersapi.testCases.TC002_Post_ALL_Users"/>
  <system-out/>
</testsuite> <!-- com.usersapi.testCases.TC002_Post_ALL_Users -->
